# JRE version: OpenJDK Runtime Environment (8.0_152-b02) (build 1.8.0_152-release-1024-b02)
# Java VM: OpenJDK 64-Bit Server VM (25.152-b02 mixed mode windows-amd64 compressed oops)
Heap:
 PSYoungGen      total 295424K, used 76831K [0x00000000e0000000, 0x00000000f8300000, 0x0000000100000000)
  eden space 239616K, 29% used [0x00000000e0000000,0x00000000e44cdb18,0x00000000eea00000)
  from space 55808K, 11% used [0x00000000eea00000,0x00000000ef03a170,0x00000000f2080000)
  to   space 55296K, 0% used [0x00000000f4d00000,0x00000000f4d00000,0x00000000f8300000)
 ParOldGen       total 205824K, used 89513K [0x00000000a0000000, 0x00000000ac900000, 0x00000000e0000000)
  object space 205824K, 43% used [0x00000000a0000000,0x00000000a576a440,0x00000000ac900000)
 Metaspace       used 79322K, capacity 83016K, committed 83328K, reserved 1122304K
  class space    used 10102K, capacity 10791K, committed 10880K, reserved 1048576K
GC Heap History (10 events):
Event: 1894.370 GC heap before
{Heap before GC invocations=27 (full 4):
 PSYoungGen      total 195584K, used 153600K [0x00000000e0000000, 0x00000000f2d80000, 0x0000000100000000)
  eden space 153600K, 100% used [0x00000000e0000000,0x00000000e9600000,0x00000000e9600000)
  from space 41984K, 0% used [0x00000000ece80000,0x00000000ece80000,0x00000000ef780000)
  to   space 57856K, 0% used [0x00000000e9600000,0x00000000e9600000,0x00000000ece80000)
 ParOldGen       total 205824K, used 84897K [0x00000000a0000000, 0x00000000ac900000, 0x00000000e0000000)
  object space 205824K, 41% used [0x00000000a0000000,0x00000000a52e8578,0x00000000ac900000)
 Metaspace       used 77982K, capacity 81040K, committed 82304K, reserved 1120256K
  class space    used 9965K, capacity 10591K, committed 10880K, reserved 1048576K
Event: 1894.413 GC heap after
Heap after GC invocations=27 (full 4):
 PSYoungGen      total 211456K, used 19912K [0x00000000e0000000, 0x00000000f3100000, 0x0000000100000000)
  eden space 153600K, 0% used [0x00000000e0000000,0x00000000e0000000,0x00000000e9600000)
  from space 57856K, 34% used [0x00000000e9600000,0x00000000ea972098,0x00000000ece80000)
  to   space 54272K, 0% used [0x00000000efc00000,0x00000000efc00000,0x00000000f3100000)
 ParOldGen       total 205824K, used 84905K [0x00000000a0000000, 0x00000000ac900000, 0x00000000e0000000)
  object space 205824K, 41% used [0x00000000a0000000,0x00000000a52ea578,0x00000000ac900000)
 Metaspace       used 77982K, capacity 81040K, committed 82304K, reserved 1120256K
  class space    used 9965K, capacity 10591K, committed 10880K, reserved 1048576K
}
Event: 1901.598 GC heap before
{Heap before GC invocations=28 (full 4):
 PSYoungGen      total 211456K, used 173512K [0x00000000e0000000, 0x00000000f3100000, 0x0000000100000000)
  eden space 153600K, 100% used [0x00000000e0000000,0x00000000e9600000,0x00000000e9600000)
  from space 57856K, 34% used [0x00000000e9600000,0x00000000ea972098,0x00000000ece80000)
  to   space 54272K, 0% used [0x00000000efc00000,0x00000000efc00000,0x00000000f3100000)
 ParOldGen       total 205824K, used 84905K [0x00000000a0000000, 0x00000000ac900000, 0x00000000e0000000)
  object space 205824K, 41% used [0x00000000a0000000,0x00000000a52ea578,0x00000000ac900000)
 Metaspace       used 78104K, capacity 81182K, committed 82304K, reserved 1120256K
  class space    used 9967K, capacity 10592K, committed 10880K, reserved 1048576K
Event: 1901.724 GC heap after
Heap after GC invocations=28 (full 4):
 PSYoungGen      total 252416K, used 44319K [0x00000000e0000000, 0x00000000f3b00000, 0x0000000100000000)
  eden space 198144K, 0% used [0x00000000e0000000,0x00000000e0000000,0x00000000ec180000)
  from space 54272K, 81% used [0x00000000efc00000,0x00000000f2747f90,0x00000000f3100000)
  to   space 59904K, 0% used [0x00000000ec180000,0x00000000ec180000,0x00000000efc00000)
 ParOldGen       total 205824K, used 84913K [0x00000000a0000000, 0x00000000ac900000, 0x00000000e0000000)
  object space 205824K, 41% used [0x00000000a0000000,0x00000000a52ec578,0x00000000ac900000)
 Metaspace       used 78104K, capacity 81182K, committed 82304K, reserved 1120256K
  class space    used 9967K, capacity 10592K, committed 10880K, reserved 1048576K
}
Event: 1916.616 GC heap before
{Heap before GC invocations=29 (full 4):
 PSYoungGen      total 252416K, used 242463K [0x00000000e0000000, 0x00000000f3b00000, 0x0000000100000000)
  eden space 198144K, 100% used [0x00000000e0000000,0x00000000ec180000,0x00000000ec180000)
  from space 54272K, 81% used [0x00000000efc00000,0x00000000f2747f90,0x00000000f3100000)
  to   space 59904K, 0% used [0x00000000ec180000,0x00000000ec180000,0x00000000efc00000)
 ParOldGen       total 205824K, used 84913K [0x00000000a0000000, 0x00000000ac900000, 0x00000000e0000000)
  object space 205824K, 41% used [0x00000000a0000000,0x00000000a52ec578,0x00000000ac900000)
 Metaspace       used 78474K, capacity 81838K, committed 82560K, reserved 1120256K
  class space    used 10010K, capacity 10668K, committed 10880K, reserved 1048576K
Event: 1916.658 GC heap after
Heap after GC invocations=29 (full 4):
 PSYoungGen      total 258048K, used 24018K [0x00000000e0000000, 0x00000000f5b80000, 0x0000000100000000)
  eden space 198144K, 0% used [0x00000000e0000000,0x00000000e0000000,0x00000000ec180000)
  from space 59904K, 40% used [0x00000000ec180000,0x00000000ed8f49c8,0x00000000efc00000)
  to   space 56320K, 0% used [0x00000000f2480000,0x00000000f2480000,0x00000000f5b80000)
 ParOldGen       total 205824K, used 85470K [0x00000000a0000000, 0x00000000ac900000, 0x00000000e0000000)
  object space 205824K, 41% used [0x00000000a0000000,0x00000000a53779e0,0x00000000ac900000)
 Metaspace       used 78474K, capacity 81838K, committed 82560K, reserved 1120256K
  class space    used 10010K, capacity 10668K, committed 10880K, reserved 1048576K
}
Event: 2082.544 GC heap before
{Heap before GC invocations=30 (full 4):
 PSYoungGen      total 258048K, used 222162K [0x00000000e0000000, 0x00000000f5b80000, 0x0000000100000000)
  eden space 198144K, 100% used [0x00000000e0000000,0x00000000ec180000,0x00000000ec180000)
  from space 59904K, 40% used [0x00000000ec180000,0x00000000ed8f49c8,0x00000000efc00000)
  to   space 56320K, 0% used [0x00000000f2480000,0x00000000f2480000,0x00000000f5b80000)
 ParOldGen       total 205824K, used 85470K [0x00000000a0000000, 0x00000000ac900000, 0x00000000e0000000)
  object space 205824K, 41% used [0x00000000a0000000,0x00000000a53779e0,0x00000000ac900000)
 Metaspace       used 78635K, capacity 81982K, committed 82560K, reserved 1120256K
  class space    used 10021K, capacity 10682K, committed 10880K, reserved 1048576K
Event: 2082.580 GC heap after
Heap after GC invocations=30 (full 4):
 PSYoungGen      total 291328K, used 7600K [0x00000000e0000000, 0x00000000f5700000, 0x0000000100000000)
  eden space 239616K, 0% used [0x00000000e0000000,0x00000000e0000000,0x00000000eea00000)
  from space 51712K, 14% used [0x00000000f2480000,0x00000000f2bec2c0,0x00000000f5700000)
  to   space 55808K, 0% used [0x00000000eea00000,0x00000000eea00000,0x00000000f2080000)
 ParOldGen       total 205824K, used 86062K [0x00000000a0000000, 0x00000000ac900000, 0x00000000e0000000)
  object space 205824K, 41% used [0x00000000a0000000,0x00000000a540ba30,0x00000000ac900000)
 Metaspace       used 78635K, capacity 81982K, committed 82560K, reserved 1120256K
  class space    used 10021K, capacity 10682K, committed 10880K, reserved 1048576K
}
Event: 2092.091 GC heap before
{Heap before GC invocations=31 (full 4):
 PSYoungGen      total 291328K, used 247109K [0x00000000e0000000, 0x00000000f5700000, 0x0000000100000000)
  eden space 239616K, 99% used [0x00000000e0000000,0x00000000ee9e5210,0x00000000eea00000)
  from space 51712K, 14% used [0x00000000f2480000,0x00000000f2bec2c0,0x00000000f5700000)
  to   space 55808K, 0% used [0x00000000eea00000,0x00000000eea00000,0x00000000f2080000)
 ParOldGen       total 205824K, used 86062K [0x00000000a0000000, 0x00000000ac900000, 0x00000000e0000000)
  object space 205824K, 41% used [0x00000000a0000000,0x00000000a540ba30,0x00000000ac900000)
 Metaspace       used 78701K, capacity 82146K, committed 82816K, reserved 1122304K
  class space    used 10025K, capacity 10688K, committed 10880K, reserved 1048576K
Event: 2092.115 GC heap after
Heap after GC invocations=31 (full 4):
 PSYoungGen      total 295424K, used 6376K [0x00000000e0000000, 0x00000000f8300000, 0x0000000100000000)
  eden space 239616K, 0% used [0x00000000e0000000,0x00000000e0000000,0x00000000eea00000)
  from space 55808K, 11% used [0x00000000eea00000,0x00000000ef03a170,0x00000000f2080000)
  to   space 55296K, 0% used [0x00000000f4d00000,0x00000000f4d00000,0x00000000f8300000)
 ParOldGen       total 205824K, used 89513K [0x00000000a0000000, 0x00000000ac900000, 0x00000000e0000000)
  object space 205824K, 43% used [0x00000000a0000000,0x00000000a576a440,0x00000000ac900000)
 Metaspace       used 78701K, capacity 82146K, committed 82816K, reserved 1122304K
  class space    used 10025K, capacity 10688K, committed 10880K, reserved 1048576K
}

